{
  "RSpec": {
    "coverage": {
      "/home/agile-cursor-4716/tic-tac-toe-rb-online-web-sp-000/lib/tic_tac_toe.rb": [
        null,
        1,
        null,
        null,
        null,
        null,
        null,
        null,
        null,
        null,
        null,
        1,
        5,
        5,
        5,
        5,
        5,
        null,
        null,
        1,
        3,
        null,
        null,
        1,
        4,
        null,
        null,
        1,
        15,
        4,
        null,
        11,
        null,
        null,
        null,
        1,
        3,
        1,
        null,
        2,
        null,
        null,
        null,
        1,
        2,
        2,
        18,
        5,
        null,
        null,
        2,
        null,
        null,
        1,
        1,
        null,
        null,
        null,
        1,
        16,
        114,
        114,
        114,
        null,
        114,
        114,
        114,
        null,
        114,
        8,
        null,
        null,
        8,
        null,
        null,
        1,
        49,
        3,
        null,
        4,
        null,
        null,
        null,
        1,
        8,
        3,
        0,
        0,
        5,
        5,
        null,
        null,
        null,
        1,
        3,
        2,
        null,
        1,
        null,
        null
      ]
    },
    "timestamp": 1605212457
  }
}
